  test.cpp
C:\Users\fieri\Documents\ProgrammingProyects\OpticalFlowProyects\CyclopeanOpticalFlow\UnitTestCyclopeanOpticalFlow\test.cpp(84,78): warning C4305: 'initializing': truncation from 'double' to '_Ty'
          with
          [
              _Ty=float
          ]
C:\Users\fieri\Documents\ProgrammingProyects\OpticalFlowProyects\CyclopeanOpticalFlow\UnitTestCyclopeanOpticalFlow\test.cpp(176,42): warning C4244: 'argument': conversion from 'float' to 'int', possible loss of data
C:\Users\fieri\Documents\ProgrammingProyects\OpticalFlowProyects\CyclopeanOpticalFlow\UnitTestCyclopeanOpticalFlow\test.cpp(210,43): warning C4244: 'argument': conversion from 'float' to 'int', possible loss of data
C:\Users\fieri\Documents\ProgrammingProyects\OpticalFlowProyects\CyclopeanOpticalFlow\UnitTestCyclopeanOpticalFlow\test.cpp(243,43): warning C4244: 'argument': conversion from 'float' to 'int', possible loss of data
C:\Users\fieri\Documents\ProgrammingProyects\OpticalFlowProyects\CyclopeanOpticalFlow\UnitTestCyclopeanOpticalFlow\test.cpp(283,1): error C2011: 'cyclopeanOpticalFlow_pickNewValuesTest1_Test': 'class' type redefinition
C:\Users\fieri\Documents\ProgrammingProyects\OpticalFlowProyects\CyclopeanOpticalFlow\UnitTestCyclopeanOpticalFlow\test.cpp(266): message : see declaration of 'cyclopeanOpticalFlow_pickNewValuesTest1_Test'
C:\Users\fieri\Documents\ProgrammingProyects\OpticalFlowProyects\CyclopeanOpticalFlow\UnitTestCyclopeanOpticalFlow\test.cpp(283,1): error C2027: use of undefined type 'cyclopeanOpticalFlow_pickNewValuesTest1_Test'
C:\Users\fieri\Documents\ProgrammingProyects\OpticalFlowProyects\CyclopeanOpticalFlow\UnitTestCyclopeanOpticalFlow\test.cpp(266): message : see declaration of 'cyclopeanOpticalFlow_pickNewValuesTest1_Test'
C:\Users\fieri\Documents\ProgrammingProyects\OpticalFlowProyects\CyclopeanOpticalFlow\UnitTestCyclopeanOpticalFlow\test.cpp(300,1): error C2027: use of undefined type 'cyclopeanOpticalFlow_pickNewValuesTest1_Test'
C:\Users\fieri\Documents\ProgrammingProyects\OpticalFlowProyects\CyclopeanOpticalFlow\UnitTestCyclopeanOpticalFlow\test.cpp(300): message : see declaration of 'cyclopeanOpticalFlow_pickNewValuesTest1_Test'
C:\Users\fieri\Documents\ProgrammingProyects\OpticalFlowProyects\CyclopeanOpticalFlow\UnitTestCyclopeanOpticalFlow\test.cpp(300,1): error C2374: 'test_info_': redefinition; multiple initialization
C:\Users\fieri\Documents\ProgrammingProyects\OpticalFlowProyects\CyclopeanOpticalFlow\UnitTestCyclopeanOpticalFlow\test.cpp(283): message : see declaration of 'test_info_'
C:\Users\fieri\Documents\ProgrammingProyects\OpticalFlowProyects\CyclopeanOpticalFlow\UnitTestCyclopeanOpticalFlow\test.cpp(300,1): error C2084: function 'void TestBody(void)' already has a body
C:\Users\fieri\Documents\ProgrammingProyects\OpticalFlowProyects\CyclopeanOpticalFlow\UnitTestCyclopeanOpticalFlow\test.cpp(283): message : see previous definition of 'TestBody'
